<?xml version="1.0" encoding="UTF-8"?>
<!-- Generated by org.testng.reporters.JUnitReportReporter -->
<testsuite hostname="ULTP-336" name="Login.Login.loginScript" tests="1" failures="0" timestamp="11 Sep 2017 05:52:13 GMT" time="1.017" errors="0">
  <testcase name="enterCredentials" time="1.017" classname="Login.Login.loginScript"/>
</testsuite> <!-- Login.Login.loginScript -->
